<?xml version="1.0" encoding="UTF-8"?>
<robot generator="Robot 5.0.1 (Python 3.10.6 on win32)" generated="20220809 16:41:03.617" rpa="false" schemaversion="3">
<suite id="s1" name="BITestSuite" source="C:\Users\surya\PycharmProjects\RobotFramework\BIReports\BITestSuite.robot">
<test id="s1-t1" name="Valid Login" line="9">
<kw name="Open Browser To Login Page" library="resource">
<kw name="Open Browser" library="SeleniumLibrary">
<arg>${LOGIN URL}</arg>
<arg>${BROWSER}</arg>
<doc>Opens a new browser instance to the optional ``url``.</doc>
<msg timestamp="20220809 16:41:06.393" level="INFO">Opening browser 'Chrome' to base url 'https://portal.syncada.com/USBank/Login.aspx'.</msg>
<status status="PASS" starttime="20220809 16:41:06.392" endtime="20220809 16:41:42.112"/>
</kw>
<kw name="Maximize Browser Window" library="SeleniumLibrary">
<doc>Maximizes current browser window.</doc>
<status status="PASS" starttime="20220809 16:41:42.122" endtime="20220809 16:41:43.037"/>
</kw>
<kw name="Login Page Should Be Open" library="resource">
<kw name="Title Should Be" library="SeleniumLibrary">
<arg>Log In - U.S. Bank Freight Payment</arg>
<doc>Verifies that the current page title equals ``title``.</doc>
<msg timestamp="20220809 16:41:43.355" level="INFO">Page title is 'Log In - U.S. Bank Freight Payment'.</msg>
<status status="PASS" starttime="20220809 16:41:43.050" endtime="20220809 16:41:43.355"/>
</kw>
<status status="PASS" starttime="20220809 16:41:43.045" endtime="20220809 16:41:43.357"/>
</kw>
<status status="PASS" starttime="20220809 16:41:06.391" endtime="20220809 16:41:43.359"/>
</kw>
<kw name="Input Username" library="resource">
<kw name="Input Text" library="SeleniumLibrary">
<arg>id:txtUserID</arg>
<arg>${USERNAME}</arg>
<doc>Types the given ``text`` into the text field identified by ``locator``.</doc>
<msg timestamp="20220809 16:41:43.399" level="INFO">Typing text 'regb21' into text field 'id:txtUserID'.</msg>
<status status="PASS" starttime="20220809 16:41:43.385" endtime="20220809 16:41:44.120"/>
</kw>
<status status="PASS" starttime="20220809 16:41:43.384" endtime="20220809 16:41:44.121"/>
</kw>
<kw name="Input Password" library="resource">
<kw name="Input Text" library="SeleniumLibrary">
<arg>id:txtPassword</arg>
<arg>${PASSWORD}</arg>
<doc>Types the given ``text`` into the text field identified by ``locator``.</doc>
<msg timestamp="20220809 16:41:44.128" level="INFO">Typing text 'tester123' into text field 'id:txtPassword'.</msg>
<status status="PASS" starttime="20220809 16:41:44.127" endtime="20220809 16:41:44.511"/>
</kw>
<status status="PASS" starttime="20220809 16:41:44.126" endtime="20220809 16:41:44.511"/>
</kw>
<kw name="Submit Credentials" library="resource">
<kw name="Click Button" library="SeleniumLibrary">
<arg>id:Main_btnContinue</arg>
<doc>Clicks the button identified by ``locator``.</doc>
<msg timestamp="20220809 16:41:44.515" level="INFO">Clicking button 'id:Main_btnContinue'.</msg>
<status status="PASS" starttime="20220809 16:41:44.513" endtime="20220809 16:41:49.114"/>
</kw>
<kw name="Sleep" library="BuiltIn">
<arg>${DELAY}</arg>
<doc>Pauses the test executed for the given time.</doc>
<msg timestamp="20220809 16:41:54.155" level="INFO">Slept 5 seconds</msg>
<status status="PASS" starttime="20220809 16:41:49.116" endtime="20220809 16:41:54.155"/>
</kw>
<status status="PASS" starttime="20220809 16:41:44.512" endtime="20220809 16:41:54.156"/>
</kw>
<kw name="Submit Security Answer Page Should Be Open" library="resource">
<kw name="Input Text" library="SeleniumLibrary">
<arg>id:txtSecurityQuestionAnswer</arg>
<arg>${SECURITY ANSWER}</arg>
<doc>Types the given ``text`` into the text field identified by ``locator``.</doc>
<msg timestamp="20220809 16:41:54.159" level="INFO">Typing text '1' into text field 'id:txtSecurityQuestionAnswer'.</msg>
<status status="PASS" starttime="20220809 16:41:54.157" endtime="20220809 16:41:54.377"/>
</kw>
<kw name="Click Button" library="SeleniumLibrary">
<arg>id:Main_btnLogIn</arg>
<doc>Clicks the button identified by ``locator``.</doc>
<msg timestamp="20220809 16:41:54.414" level="INFO">Clicking button 'id:Main_btnLogIn'.</msg>
<status status="PASS" starttime="20220809 16:41:54.377" endtime="20220809 16:42:01.732"/>
</kw>
<kw name="Sleep" library="BuiltIn">
<arg>${DELAY}</arg>
<doc>Pauses the test executed for the given time.</doc>
<msg timestamp="20220809 16:42:06.760" level="INFO">Slept 5 seconds</msg>
<status status="PASS" starttime="20220809 16:42:01.733" endtime="20220809 16:42:06.760"/>
</kw>
<status status="PASS" starttime="20220809 16:41:54.157" endtime="20220809 16:42:06.761"/>
</kw>
<kw name="Home Page Should Be Open" library="resource">
<kw name="Location Should Be" library="SeleniumLibrary">
<arg>${HOME PAGE URL}</arg>
<doc>Verifies that the current URL is exactly ``url``.</doc>
<msg timestamp="20220809 16:42:06.821" level="INFO">Current location is 'https://portal.syncada.com/USBank/Home.aspx'.</msg>
<status status="PASS" starttime="20220809 16:42:06.782" endtime="20220809 16:42:06.822"/>
</kw>
<kw name="Title Should Be" library="SeleniumLibrary">
<arg>Home - U.S. Bank Freight Payment</arg>
<doc>Verifies that the current page title equals ``title``.</doc>
<msg timestamp="20220809 16:42:06.831" level="INFO">Page title is 'Home - U.S. Bank Freight Payment'.</msg>
<status status="PASS" starttime="20220809 16:42:06.822" endtime="20220809 16:42:06.831"/>
</kw>
<kw name="Set Selenium Speed" library="SeleniumLibrary">
<arg>${DELAY}</arg>
<doc>Sets the delay that is waited after each Selenium command.</doc>
<status status="PASS" starttime="20220809 16:42:06.835" endtime="20220809 16:42:06.849"/>
</kw>
<status status="PASS" starttime="20220809 16:42:06.777" endtime="20220809 16:42:06.850"/>
</kw>
<status status="PASS" starttime="20220809 16:41:06.389" endtime="20220809 16:42:06.899"/>
</test>
<test id="s1-t2" name="Verify Tiles Home Page" line="28">
<kw name="Validate Tiles Home Page" library="resource">
<kw name="Click Element" library="SeleniumLibrary">
<arg>xpath: //a[text()="Tableau Data Analytics (new)"]</arg>
<doc>Click the element identified by ``locator``.</doc>
<msg timestamp="20220809 16:42:06.932" level="INFO">Clicking element 'xpath: //a[text()="Tableau Data Analytics (new)"]'.</msg>
<status status="PASS" starttime="20220809 16:42:06.930" endtime="20220809 16:42:18.431"/>
</kw>
<kw name="Switch Window" library="SeleniumLibrary">
<arg>new</arg>
<doc>Switches to browser window matching ``locator``.</doc>
<status status="PASS" starttime="20220809 16:42:18.433" endtime="20220809 16:42:39.539"/>
</kw>
<kw name="Sleep" library="BuiltIn">
<arg>${Delay}</arg>
<doc>Pauses the test executed for the given time.</doc>
<msg timestamp="20220809 16:42:44.619" level="INFO">Slept 5 seconds</msg>
<status status="PASS" starttime="20220809 16:42:39.540" endtime="20220809 16:42:44.619"/>
</kw>
<kw name="Title Should Be" library="SeleniumLibrary">
<arg>Data Analytics</arg>
<doc>Verifies that the current page title equals ``title``.</doc>
<msg timestamp="20220809 16:43:05.658" level="INFO">Page title is 'Data Analytics'.</msg>
<status status="PASS" starttime="20220809 16:42:44.620" endtime="20220809 16:43:05.658"/>
</kw>
<kw name="Element Text Should Be" library="SeleniumLibrary">
<arg>xpath: //span[contains(text(),'Total Spend &amp; Shipments')]</arg>
<arg>${TotalSpend_Shipment}</arg>
<doc>Verifies that element ``locator`` contains exact the text ``expected``.</doc>
<msg timestamp="20220809 16:43:05.669" level="INFO">Verifying element 'xpath: //span[contains(text(),'Total Spend &amp; Shipments')]' contains exact text 'Total Spend &amp; Shipments'.</msg>
<status status="PASS" starttime="20220809 16:43:05.667" endtime="20220809 16:43:16.153"/>
</kw>
<kw name="Click Element" library="SeleniumLibrary">
<arg>xpath: //span[contains(text(),'Total Spend &amp; Shipments')]</arg>
<doc>Click the element identified by ``locator``.</doc>
<msg timestamp="20220809 16:43:16.154" level="INFO">Clicking element 'xpath: //span[contains(text(),'Total Spend &amp; Shipments')]'.</msg>
<status status="PASS" starttime="20220809 16:43:16.153" endtime="20220809 16:43:26.604"/>
</kw>
<kw name="Switch Window" library="SeleniumLibrary">
<arg>new</arg>
<doc>Switches to browser window matching ``locator``.</doc>
<status status="PASS" starttime="20220809 16:43:26.604" endtime="20220809 16:43:46.695"/>
</kw>
<kw name="Title Should Be" library="SeleniumLibrary">
<arg>Total Spend &amp; Shipments</arg>
<doc>Verifies that the current page title equals ``title``.</doc>
<msg timestamp="20220809 16:43:51.728" level="INFO">Page title is 'Total Spend &amp; Shipments'.</msg>
<status status="PASS" starttime="20220809 16:43:46.696" endtime="20220809 16:43:51.728"/>
</kw>
<kw name="Capture Page Screenshot" library="SeleniumLibrary">
<arg>${OUTPUTDIR}/selenium-screenshot-5.png</arg>
<doc>Takes a screenshot of the current page and embeds it into a log file.</doc>
<msg timestamp="20220809 16:43:56.953" level="INFO" html="true">&lt;/td&gt;&lt;/tr&gt;&lt;tr&gt;&lt;td colspan="3"&gt;&lt;a href="UserssuryaAppDataLocalProgramsPythonPython310ScriptsScreen%20Shots/selenium-screenshot-5.png"&gt;&lt;img src="UserssuryaAppDataLocalProgramsPythonPython310ScriptsScreen%20Shots/selenium-screenshot-5.png" width="800px"&gt;&lt;/a&gt;</msg>
<status status="PASS" starttime="20220809 16:43:51.729" endtime="20220809 16:43:56.953"/>
</kw>
<status status="PASS" starttime="20220809 16:42:06.929" endtime="20220809 16:43:56.953"/>
</kw>
<kw name="Close Browser" library="SeleniumLibrary" type="TEARDOWN">
<doc>Closes the current browser.</doc>
<status status="PASS" starttime="20220809 16:43:56.957" endtime="20220809 16:44:11.252"/>
</kw>
<status status="PASS" starttime="20220809 16:42:06.922" endtime="20220809 16:44:11.253"/>
</test>
<doc>A test suite with a single test for valid login.

This test has a workflow that is created using keywords in
the imported resource file.</doc>
<status status="PASS" starttime="20220809 16:41:03.629" endtime="20220809 16:44:11.260"/>
</suite>
<statistics>
<total>
<stat pass="2" fail="0" skip="0">All Tests</stat>
</total>
<tag>
</tag>
<suite>
<stat pass="2" fail="0" skip="0" id="s1" name="BITestSuite">BITestSuite</stat>
</suite>
</statistics>
<errors>
<msg timestamp="20220809 16:41:03.843" level="ERROR">Error in file 'C:\Users\surya\PycharmProjects\RobotFramework\BIReports\resource.robot' on line 11: Setting 'Test Teardown' is not allowed in resource file.</msg>
<msg timestamp="20220809 16:41:06.339" level="ERROR">Error in file 'C:\Users\surya\PycharmProjects\RobotFramework\BIReports\resource.robot' on line 8: Importing library 'RPA.Browser.Selenium' failed: ModuleNotFoundError: No module named 'RPA'
Traceback (most recent call last):
  None
PYTHONPATH:
  C:\Users\surya\AppData\Local\Programs\Python\Python310\Scripts\robot.exe
  C:\Users\surya\AppData\Local\Programs\Python\Python310\python310.zip
  C:\Users\surya\AppData\Local\Programs\Python\Python310\DLLs
  C:\Users\surya\AppData\Local\Programs\Python\Python310\lib
  C:\Users\surya\AppData\Local\Programs\Python\Python310
  C:\Users\surya\AppData\Local\Programs\Python\Python310\lib\site-packages</msg>
<msg timestamp="20220809 16:41:06.370" level="ERROR">Error in file 'C:\Users\surya\PycharmProjects\RobotFramework\BIReports\resource.robot' on line 9: Importing library 'RPA.FileSystem' failed: ModuleNotFoundError: No module named 'RPA'
Traceback (most recent call last):
  None
PYTHONPATH:
  C:\Users\surya\AppData\Local\Programs\Python\Python310\Scripts\robot.exe
  C:\Users\surya\AppData\Local\Programs\Python\Python310\python310.zip
  C:\Users\surya\AppData\Local\Programs\Python\Python310\DLLs
  C:\Users\surya\AppData\Local\Programs\Python\Python310\lib
  C:\Users\surya\AppData\Local\Programs\Python\Python310
  C:\Users\surya\AppData\Local\Programs\Python\Python310\lib\site-packages</msg>
</errors>
</robot>
