<?xml version="1.0" encoding="UTF-8"?>
<robot generator="Robot 6.0.1 (Python 3.11.1 on win32)" generated="20221219 20:04:30.053" rpa="false" schemaversion="3">
<suite id="s1" name="BITests" source="C:\Users\surya\PycharmProjects\BITableau\testcases\BITests.robot">
<test id="s1-t1" name="Total Spend And Shipments Report Smoke Test" line="31">
<kw name="Log In To The Freight Payment Portal" library="resource" type="SETUP">
<arg>regb21</arg>
<arg>tester123</arg>
<arg>1</arg>
<kw name="Open Browser" library="SeleniumLibrary">
<arg>${URL.${env}}</arg>
<arg>${BROWSER}</arg>
<doc>Opens a new browser instance to the optional ``url``.</doc>
<msg timestamp="20221219 20:04:30.321" level="INFO">Opening browser 'Chrome' to base url 'https://portal.syncada.com/USBank/Login.aspx'.</msg>
<status status="PASS" starttime="20221219 20:04:30.321" endtime="20221219 20:04:39.855"/>
</kw>
<kw name="Set Browser Implicit Wait" library="SeleniumLibrary">
<arg>30 seconds</arg>
<doc>Sets the implicit wait value used by Selenium.</doc>
<status status="PASS" starttime="20221219 20:04:39.855" endtime="20221219 20:04:39.855"/>
</kw>
<kw name="Maximize Browser Window" library="SeleniumLibrary">
<doc>Maximizes current browser window.</doc>
<status status="PASS" starttime="20221219 20:04:39.855" endtime="20221219 20:04:39.972"/>
</kw>
<kw name="Title Should Be" library="SeleniumLibrary">
<arg>Log In - U.S. Bank Freight Payment</arg>
<doc>Verifies that the current page title equals ``title``.</doc>
<msg timestamp="20221219 20:04:39.978" level="INFO">Page title is 'Log In - U.S. Bank Freight Payment'.</msg>
<status status="PASS" starttime="20221219 20:04:39.972" endtime="20221219 20:04:39.978"/>
</kw>
<kw name="Wait Until Page Contains Element" library="SeleniumLibrary">
<arg>id:txtUserID</arg>
<doc>Waits until the element ``locator`` appears on the current page.</doc>
<status status="PASS" starttime="20221219 20:04:39.978" endtime="20221219 20:04:39.990"/>
</kw>
<kw name="Input Text" library="SeleniumLibrary">
<arg>id:txtUserID</arg>
<arg>${USERNAME}</arg>
<doc>Types the given ``text`` into the text field identified by ``locator``.</doc>
<msg timestamp="20221219 20:04:39.992" level="INFO">Typing text 'regb21' into text field 'id:txtUserID'.</msg>
<status status="PASS" starttime="20221219 20:04:39.990" endtime="20221219 20:04:40.066"/>
</kw>
<kw name="Wait Until Page Contains Element" library="SeleniumLibrary">
<arg>id:txtPassword</arg>
<doc>Waits until the element ``locator`` appears on the current page.</doc>
<status status="PASS" starttime="20221219 20:04:40.066" endtime="20221219 20:04:40.078"/>
</kw>
<kw name="Input Text" library="SeleniumLibrary">
<arg>id:txtPassword</arg>
<arg>${PASSWORD}</arg>
<doc>Types the given ``text`` into the text field identified by ``locator``.</doc>
<msg timestamp="20221219 20:04:40.079" level="INFO">Typing text 'tester123' into text field 'id:txtPassword'.</msg>
<status status="PASS" starttime="20221219 20:04:40.078" endtime="20221219 20:04:40.162"/>
</kw>
<kw name="Wait Until Page Contains Element" library="SeleniumLibrary">
<arg>id:Main_btnContinue</arg>
<doc>Waits until the element ``locator`` appears on the current page.</doc>
<status status="PASS" starttime="20221219 20:04:40.162" endtime="20221219 20:04:40.173"/>
</kw>
<kw name="Click Button" library="SeleniumLibrary">
<arg>id:Main_btnContinue</arg>
<doc>Clicks the button identified by ``locator``.</doc>
<msg timestamp="20221219 20:04:40.174" level="INFO">Clicking button 'id:Main_btnContinue'.</msg>
<status status="PASS" starttime="20221219 20:04:40.174" endtime="20221219 20:04:42.461"/>
</kw>
<kw name="Wait Until Page Contains Element" library="SeleniumLibrary">
<arg>id:txtSecurityQuestionAnswer</arg>
<doc>Waits until the element ``locator`` appears on the current page.</doc>
<msg timestamp="20221219 20:05:43.594" level="WARN">Keyword 'Capture Page Screenshot' could not be run on failure: Message: disconnected: unable to connect to renderer
  (failed to check if window was closed: disconnected: unable to connect to renderer)
  (Session info: chrome=108.0.5359.125)
Stacktrace:
Backtrace:
	(No symbol) [0x00ECF243]
	(No symbol) [0x00E57FD1]
	(No symbol) [0x00D4D04D]
	(No symbol) [0x00D3D3F8]
	(No symbol) [0x00D3D1F8]
	(No symbol) [0x00D4E5C3]
	(No symbol) [0x00DAC1D8]
	(No symbol) [0x00D98386]
	(No symbol) [0x00D7163C]
	(No symbol) [0x00D7269D]
	GetHandleVerifier [0x01169A22+2655074]
	GetHandleVerifier [0x0115CA24+2601828]
	GetHandleVerifier [0x00F78C0A+619850]
	GetHandleVerifier [0x00F77830+614768]
	(No symbol) [0x00E605FC]
	(No symbol) [0x00E65968]
	(No symbol) [0x00E65A55]
	(No symbol) [0x00E7051B]
	BaseThreadInitThunk [0x75E67D69+25]
	RtlInitializeExceptionChain [0x7739BB9B+107]
	RtlClearBits [0x7739BB1F+191]
</msg>
<msg timestamp="20221219 20:05:43.607" level="FAIL">WebDriverException: Message: disconnected: unable to send message to renderer
  (failed to check if window was closed: disconnected: unable to connect to renderer)
  (Session info: chrome=108.0.5359.125)
Stacktrace:
Backtrace:
	(No symbol) [0x00ECF243]
	(No symbol) [0x00E57FD1]
	(No symbol) [0x00D4D04D]
	(No symbol) [0x00D3E9F0]
	(No symbol) [0x00D3EEF7]
	(No symbol) [0x00D55F54]
	(No symbol) [0x00D4F82B]
	(No symbol) [0x00D4F350]
	(No symbol) [0x00D4FBA2]
	(No symbol) [0x00D4FE80]
	(No symbol) [0x00D7BD55]
	(No symbol) [0x00D7C22B]
	(No symbol) [0x00DAE64C]
	(No symbol) [0x00D985D4]
	(No symbol) [0x00DAC9EB]
	(No symbol) [0x00D98386]
	(No symbol) [0x00D7163C]
	(No symbol) [0x00D7269D]
	GetHandleVerifier [0x01169A22+2655074]
	GetHandleVerifier [0x0115CA24+2601828]
	GetHandleVerifier [0x00F78C0A+619850]
	GetHandleVerifier [0x00F77830+614768]
	(No symbol) [0x00E605FC]
	(No symbol) [0x00E65968]
	(No symbol) [0x00E65A55]
	(No symbol) [0x00E7051B]
	BaseThreadInitThunk [0x75E67D69+25]
	RtlInitializeExceptionChain [0x7739BB9B+107]
	RtlClearBits [0x7739BB1F+191]
</msg>
<status status="FAIL" starttime="20221219 20:04:42.461" endtime="20221219 20:05:43.631"/>
</kw>
<kw name="Input Text" library="SeleniumLibrary">
<arg>id:txtSecurityQuestionAnswer</arg>
<arg>${SECURITY ANSWER}</arg>
<doc>Types the given ``text`` into the text field identified by ``locator``.</doc>
<status status="NOT RUN" starttime="20221219 20:05:43.631" endtime="20221219 20:05:43.631"/>
</kw>
<kw name="Wait Until Page Contains Element" library="SeleniumLibrary">
<arg>id:Main_btnLogIn</arg>
<doc>Waits until the element ``locator`` appears on the current page.</doc>
<status status="NOT RUN" starttime="20221219 20:05:43.631" endtime="20221219 20:05:43.631"/>
</kw>
<kw name="Click Button" library="SeleniumLibrary">
<arg>id:Main_btnLogIn</arg>
<doc>Clicks the button identified by ``locator``.</doc>
<status status="NOT RUN" starttime="20221219 20:05:43.631" endtime="20221219 20:05:43.631"/>
</kw>
<kw name="Location Should Be" library="SeleniumLibrary">
<arg>${HOME PAGE URL}</arg>
<doc>Verifies that the current URL is exactly ``url``.</doc>
<status status="NOT RUN" starttime="20221219 20:05:43.631" endtime="20221219 20:05:43.631"/>
</kw>
<kw name="Title Should Be" library="SeleniumLibrary">
<arg>Home - U.S. Bank Freight Payment</arg>
<doc>Verifies that the current page title equals ``title``.</doc>
<status status="NOT RUN" starttime="20221219 20:05:43.631" endtime="20221219 20:05:43.631"/>
</kw>
<status status="FAIL" starttime="20221219 20:04:30.321" endtime="20221219 20:05:43.631"/>
</kw>
<kw name="Close Browser" library="SeleniumLibrary" type="TEARDOWN">
<doc>Closes the current browser.</doc>
<status status="PASS" starttime="20221219 20:05:43.631" endtime="20221219 20:05:45.700"/>
</kw>
<status status="FAIL" starttime="20221219 20:04:30.305" endtime="20221219 20:05:45.700">Setup failed:
WebDriverException: Message: disconnected: unable to send message to renderer
  (failed to check if window was closed: disconnected: unable to connect to renderer)
  (Session info: chrome=108.0.5359.125)
Stacktrace:
Backtrace:
	(No symbol) [0x00ECF243]
	(No symbol) [0x00E57FD1]
	(No symbol) [0x00D4D04D]
	(No symbol) [0x00D3E9F0]
	(No symbol) [0x00D3EEF7]
	(No symbol) [0x00D55F54]
	(No symbol) [0x00D4F82B]
	(No symbol) [0x00D4F350]
	(No symbol) [0x00D4FBA2]
	(No symbol) [0x00D4FE80]
	(No symbol) [0x00D7BD55]
	(No symbol) [0x00D7C22B]
	(No symbol) [0x00DAE64C]
	(No symbol) [0x00D985D4]
	(No symbol) [0x00DAC9EB]
	(No symbol) [0x00D98386]
	(No symbol) [0x00D7163C]
	(No symbol) [0x00D7269D]
	GetHandleVerifier [0x01169A22+2655074]
	GetHandleVerifier [0x0115CA24+2601828]
	GetHandleVerifier [0x00F78C0A+619850]
	GetHandleVerifier [0x00F77830+614768]
	(No symbol) [0x00E605FC]
	(No symbol) [0x00E65968]
	(No symbol) [0x00E65A55]
	(No symbol) [0x00E7051B]
	BaseThreadInitThunk [0x75E67D69+25]
	RtlInitializeExceptionChain [0x7739BB9B+107]
	RtlClearBits [0x7739BB1F+191]
</status>
</test>
<doc>A test suite with a single test for Log In - U.S. Bank Freight Payment
Created by Surya Attili</doc>
<status status="FAIL" starttime="20221219 20:04:30.053" endtime="20221219 20:05:45.705"/>
</suite>
<statistics>
<total>
<stat pass="0" fail="1" skip="0">All Tests</stat>
</total>
<tag>
</tag>
<suite>
<stat pass="0" fail="1" skip="0" id="s1" name="BITests">BITests</stat>
</suite>
</statistics>
<errors>
<msg timestamp="20221219 20:05:43.594" level="WARN">Keyword 'Capture Page Screenshot' could not be run on failure: Message: disconnected: unable to connect to renderer
  (failed to check if window was closed: disconnected: unable to connect to renderer)
  (Session info: chrome=108.0.5359.125)
Stacktrace:
Backtrace:
	(No symbol) [0x00ECF243]
	(No symbol) [0x00E57FD1]
	(No symbol) [0x00D4D04D]
	(No symbol) [0x00D3D3F8]
	(No symbol) [0x00D3D1F8]
	(No symbol) [0x00D4E5C3]
	(No symbol) [0x00DAC1D8]
	(No symbol) [0x00D98386]
	(No symbol) [0x00D7163C]
	(No symbol) [0x00D7269D]
	GetHandleVerifier [0x01169A22+2655074]
	GetHandleVerifier [0x0115CA24+2601828]
	GetHandleVerifier [0x00F78C0A+619850]
	GetHandleVerifier [0x00F77830+614768]
	(No symbol) [0x00E605FC]
	(No symbol) [0x00E65968]
	(No symbol) [0x00E65A55]
	(No symbol) [0x00E7051B]
	BaseThreadInitThunk [0x75E67D69+25]
	RtlInitializeExceptionChain [0x7739BB9B+107]
	RtlClearBits [0x7739BB1F+191]
</msg>
</errors>
</robot>
